[0510/013331:ERROR:browser_context_impl.cc(163)] The cache_path directory could not be created: C:/Users/ï¿¦ï¾¢ï¾ï¿¦ï¾™ï¾ºï¿¦ï¾¹ï¾§/AppData/Roaming/uWebKit/WebCache/
[0510/013339:ERROR:gpu_video_decode_accelerator.cc(282)] HW video decode not available for profile 12
[0510/013404:ERROR:gpu_video_decode_accelerator.cc(282)] HW video decode not available for profile 12
[0510/013422:ERROR:browser_context_impl.cc(163)] The cache_path directory could not be created: C:/Users/ï¿¦ï¾¢ï¾ï¿¦ï¾™ï¾ºï¿¦ï¾¹ï¾§/AppData/Roaming/uWebKit/WebCache/
[0510/013426:ERROR:gpu_video_decode_accelerator.cc(282)] HW video decode not available for profile 12
[0510/013426:ERROR:gpu_video_decode_accelerator.cc(282)] HW video decode not available for profile 12
[0510/013438:ERROR:browser_context_impl.cc(163)] The cache_path directory could not be created: C:/Users/ï¿¦ï¾¢ï¾ï¿¦ï¾™ï¾ºï¿¦ï¾¹ï¾§/AppData/Roaming/uWebKit/WebCache/
[0510/013451:ERROR:browser_context_impl.cc(163)] The cache_path directory could not be created: C:/Users/ï¿¦ï¾¢ï¾ï¿¦ï¾™ï¾ºï¿¦ï¾¹ï¾§/AppData/Roaming/uWebKit/WebCache/
[0510/013507:ERROR:browser_context_impl.cc(163)] The cache_path directory could not be created: C:/Users/ï¿¦ï¾¢ï¾ï¿¦ï¾™ï¾ºï¿¦ï¾¹ï¾§/AppData/Roaming/uWebKit/WebCache/
[0510/013511:ERROR:gpu_video_decode_accelerator.cc(282)] HW video decode not available for profile 12
[0510/013511:ERROR:gpu_video_decode_accelerator.cc(282)] HW video decode not available for profile 12
[0510/013636:ERROR:browser_context_impl.cc(163)] The cache_path directory could not be created: C:/Users/ï¿¦ï¾¢ï¾ï¿¦ï¾™ï¾ºï¿¦ï¾¹ï¾§/AppData/Roaming/uWebKit/WebCache/
[0510/013703:ERROR:browser_context_impl.cc(163)] The cache_path directory could not be created: C:/Users/ï¿¦ï¾¢ï¾ï¿¦ï¾™ï¾ºï¿¦ï¾¹ï¾§/AppData/Roaming/uWebKit/WebCache/
[0510/200838:ERROR:browser_context_impl.cc(163)] The cache_path directory could not be created: C:/Users/ï¿¦ï¾¢ï¾ï¿¦ï¾™ï¾ºï¿¦ï¾¹ï¾§/AppData/Roaming/uWebKit/WebCache/
[0510/200915:ERROR:browser_context_impl.cc(163)] The cache_path directory could not be created: C:/Users/ï¿¦ï¾¢ï¾ï¿¦ï¾™ï¾ºï¿¦ï¾¹ï¾§/AppData/Roaming/uWebKit/WebCache/
[0512/161041:WARNING:raw_channel_win.cc(532)] WriteFile: ºŞ¹D¥¿Ãö³¬¤¤¡C (0xE8)
[0512/161041:WARNING:channel.cc(358)] RawChannel write error
[0512/161041:WARNING:raw_channel_win.cc(532)] WriteFile: ºŞ¹D¥¿Ãö³¬¤¤¡C (0xE8)
[0512/161041:WARNING:channel.cc(358)] RawChannel write error
[0516/173731:ERROR:ipc_channel_win.cc(511)] pipe error: 232
[0516/173731:WARNING:raw_channel_win.cc(532)] WriteFile: ºŞ¹D¥¿Ãö³¬¤¤¡C (0xE8)
[0516/173731:WARNING:channel.cc(358)] RawChannel write error
[0516/173731:WARNING:raw_channel_win.cc(532)] WriteFile: ºŞ¹D¥¿Ãö³¬¤¤¡C (0xE8)
[0516/173731:WARNING:channel.cc(358)] RawChannel write error
[0516/173731:WARNING:raw_channel_win.cc(532)] WriteFile: ºŞ¹D¥¿Ãö³¬¤¤¡C (0xE8)
[0516/173731:WARNING:channel.cc(358)] RawChannel write error
[0516/173731:WARNING:raw_channel_win.cc(532)] WriteFile: ºŞ¹D¥¿Ãö³¬¤¤¡C (0xE8)
[0516/173731:WARNING:channel.cc(358)] RawChannel write error
[0516/173731:WARNING:raw_channel_win.cc(532)] WriteFile: ºŞ¹D¥¿Ãö³¬¤¤¡C (0xE8)
[0516/173731:WARNING:channel.cc(358)] RawChannel write error
[0516/173731:WARNING:raw_channel_win.cc(532)] WriteFile: ºŞ¹D¥¿Ãö³¬¤¤¡C (0xE8)
[0516/173731:WARNING:channel.cc(358)] RawChannel write error
[0516/173731:WARNING:raw_channel_win.cc(532)] WriteFile: ºŞ¹D¥¿Ãö³¬¤¤¡C (0xE8)
[0516/173731:WARNING:channel.cc(358)] RawChannel write error
[0516/173731:WARNING:raw_channel_win.cc(532)] WriteFile: ºŞ¹D¥¿Ãö³¬¤¤¡C (0xE8)
[0516/173731:WARNING:channel.cc(358)] RawChannel write error
[0516/173731:WARNING:raw_channel_win.cc(532)] WriteFile: ºŞ¹D¥¿Ãö³¬¤¤¡C (0xE8)
[0516/173731:WARNING:channel.cc(358)] RawChannel write error
[0516/173946:WARNING:raw_channel_win.cc(532)] WriteFile: ºŞ¹D¥¿Ãö³¬¤¤¡C (0xE8)
[0516/173946:WARNING:raw_channel_win.cc(532)] WriteFile: ºŞ¹D¥¿Ãö³¬¤¤¡C (0xE8)
[0516/173946:WARNING:channel.cc(358)] RawChannel write error
[0516/173946:WARNING:raw_channel_win.cc(532)] WriteFile: ºŞ¹D¥¿Ãö³¬¤¤¡C (0xE8)
[0516/173946:WARNING:channel.cc(358)] RawChannel write error
[0516/173946:WARNING:raw_channel_win.cc(532)] WriteFile: ºŞ¹D¥¿Ãö³¬¤¤¡C (0xE8)
[0516/173946:WARNING:channel.cc(358)] RawChannel write error
[0516/173946:WARNING:raw_channel_win.cc(532)] WriteFile: ºŞ¹D¥¿Ãö³¬¤¤¡C (0xE8)
[0516/173946:WARNING:channel.cc(358)] RawChannel write error
[0516/173946:WARNING:raw_channel_win.cc(532)] WriteFile: ºŞ¹D¥¿Ãö³¬¤¤¡C (0xE8)
[0516/173946:WARNING:channel.cc(358)] RawChannel write error
[0516/174300:WARNING:raw_channel_win.cc(532)] WriteFile: ºŞ¹D¥¿Ãö³¬¤¤¡C (0xE8)
[0516/174300:ERROR:ipc_channel_win.cc(511)] pipe error: 232
[0516/174300:WARNING:channel.cc(358)] RawChannel write error
[0516/174300:WARNING:raw_channel_win.cc(532)] WriteFile: ºŞ¹D¥¿Ãö³¬¤¤¡C (0xE8)
[0516/174300:WARNING:channel.cc(358)] RawChannel write error
[0516/174300:WARNING:raw_channel_win.cc(532)] WriteFile: ºŞ¹D¥¿Ãö³¬¤¤¡C (0xE8)
[0516/174300:WARNING:channel.cc(358)] RawChannel write error
[0516/174300:WARNING:raw_channel_win.cc(532)] WriteFile: ºŞ¹D¥¿Ãö³¬¤¤¡C (0xE8)
[0516/174300:WARNING:channel.cc(358)] RawChannel write error
[0516/174300:WARNING:raw_channel_win.cc(532)] WriteFile: ºŞ¹D¥¿Ãö³¬¤¤¡C (0xE8)
[0516/174300:WARNING:channel.cc(358)] RawChannel write error
[0516/174300:WARNING:raw_channel_win.cc(532)] WriteFile: ºŞ¹D¥¿Ãö³¬¤¤¡C (0xE8)
[0516/174433:WARNING:raw_channel_win.cc(532)] WriteFile: ºŞ¹D¥¿Ãö³¬¤¤¡C (0xE8)
[0516/174433:WARNING:channel.cc(358)] RawChannel write error
[0516/174433:WARNING:raw_channel_win.cc(532)] WriteFile: ºŞ¹D¥¿Ãö³¬¤¤¡C (0xE8)
[0516/174433:WARNING:raw_channel_win.cc(532)] WriteFile: ºŞ¹D¥¿Ãö³¬¤¤¡C (0xE8)
[0516/174433:WARNING:raw_channel_win.cc(532)] WriteFile: ºŞ¹D¥¿Ãö³¬¤¤¡C (0xE8)
[0516/174433:WARNING:channel.cc(358)] RawChannel write error
[0516/174433:WARNING:raw_channel_win.cc(532)] WriteFile: ºŞ¹D¥¿Ãö³¬¤¤¡C (0xE8)
[0516/174433:WARNING:channel.cc(358)] RawChannel write error
